Started GET "/" for 127.0.0.1 at 2017-07-10 20:15:26 +0100
Processing by Rails::WelcomeController#index as HTML
  Rendering /Users/timrobinson/.rvm/gems/ruby-2.4.0/gems/railties-5.1.2/lib/rails/templates/rails/welcome/index.html.erb
  Rendered /Users/timrobinson/.rvm/gems/ruby-2.4.0/gems/railties-5.1.2/lib/rails/templates/rails/welcome/index.html.erb (2.8ms)
Completed 200 OK in 165ms (Views: 6.5ms)


Started GET "/" for 127.0.0.1 at 2017-07-10 20:51:50 +0100
Processing by Rails::WelcomeController#index as HTML
  Rendering /Users/timrobinson/.rvm/gems/ruby-2.4.1/gems/railties-5.1.2/lib/rails/templates/rails/welcome/index.html.erb
  Rendered /Users/timrobinson/.rvm/gems/ruby-2.4.1/gems/railties-5.1.2/lib/rails/templates/rails/welcome/index.html.erb (3.3ms)
Completed 200 OK in 101ms (Views: 7.0ms)


Started GET "/" for 127.0.0.1 at 2017-07-10 20:51:52 +0100
Processing by Rails::WelcomeController#index as HTML
  Rendering /Users/timrobinson/.rvm/gems/ruby-2.4.1/gems/railties-5.1.2/lib/rails/templates/rails/welcome/index.html.erb
  Rendered /Users/timrobinson/.rvm/gems/ruby-2.4.1/gems/railties-5.1.2/lib/rails/templates/rails/welcome/index.html.erb (2.6ms)
Completed 200 OK in 7ms (Views: 4.4ms)


Started GET "/" for 127.0.0.1 at 2017-07-10 20:52:54 +0100
  
NameError (uninitialized constant User):
  
clearance (1.16.0) lib/clearance/configuration.rb:109:in `user_model'
clearance (1.16.0) lib/clearance/session.rb:134:in `user_from_remember_token'
clearance (1.16.0) lib/clearance/session.rb:32:in `current_user'
clearance (1.16.0) lib/clearance/session.rb:87:in `signed_in?'
clearance (1.16.0) lib/clearance/session.rb:94:in `signed_out?'
clearance (1.16.0) lib/clearance/constraints/signed_out.rb:16:in `matches?'
actionpack (5.1.2) lib/action_dispatch/routing/mapper.rb:38:in `block in matches?'
actionpack (5.1.2) lib/action_dispatch/routing/mapper.rb:37:in `each'
actionpack (5.1.2) lib/action_dispatch/routing/mapper.rb:37:in `all?'
actionpack (5.1.2) lib/action_dispatch/routing/mapper.rb:37:in `matches?'
actionpack (5.1.2) lib/action_dispatch/routing/mapper.rb:44:in `serve'
actionpack (5.1.2) lib/action_dispatch/journey/router.rb:46:in `block in serve'
actionpack (5.1.2) lib/action_dispatch/journey/router.rb:33:in `each'
actionpack (5.1.2) lib/action_dispatch/journey/router.rb:33:in `serve'
actionpack (5.1.2) lib/action_dispatch/routing/route_set.rb:832:in `call'
clearance (1.16.0) lib/clearance/rack_session.rb:23:in `call'
rack (2.0.3) lib/rack/etag.rb:25:in `call'
rack (2.0.3) lib/rack/conditional_get.rb:25:in `call'
rack (2.0.3) lib/rack/head.rb:12:in `call'
rack (2.0.3) lib/rack/session/abstract/id.rb:232:in `context'
rack (2.0.3) lib/rack/session/abstract/id.rb:226:in `call'
actionpack (5.1.2) lib/action_dispatch/middleware/cookies.rb:613:in `call'
activerecord (5.1.2) lib/active_record/migration.rb:556:in `call'
actionpack (5.1.2) lib/action_dispatch/middleware/callbacks.rb:26:in `block in call'
activesupport (5.1.2) lib/active_support/callbacks.rb:97:in `run_callbacks'
actionpack (5.1.2) lib/action_dispatch/middleware/callbacks.rb:24:in `call'
actionpack (5.1.2) lib/action_dispatch/middleware/executor.rb:12:in `call'
actionpack (5.1.2) lib/action_dispatch/middleware/debug_exceptions.rb:59:in `call'
web-console (3.5.1) lib/web_console/middleware.rb:135:in `call_app'
web-console (3.5.1) lib/web_console/middleware.rb:28:in `block in call'
web-console (3.5.1) lib/web_console/middleware.rb:18:in `catch'
web-console (3.5.1) lib/web_console/middleware.rb:18:in `call'
actionpack (5.1.2) lib/action_dispatch/middleware/show_exceptions.rb:31:in `call'
railties (5.1.2) lib/rails/rack/logger.rb:36:in `call_app'
railties (5.1.2) lib/rails/rack/logger.rb:24:in `block in call'
activesupport (5.1.2) lib/active_support/tagged_logging.rb:69:in `block in tagged'
activesupport (5.1.2) lib/active_support/tagged_logging.rb:26:in `tagged'
activesupport (5.1.2) lib/active_support/tagged_logging.rb:69:in `tagged'
railties (5.1.2) lib/rails/rack/logger.rb:24:in `call'
sprockets-rails (3.2.0) lib/sprockets/rails/quiet_assets.rb:13:in `call'
actionpack (5.1.2) lib/action_dispatch/middleware/remote_ip.rb:79:in `call'
actionpack (5.1.2) lib/action_dispatch/middleware/request_id.rb:25:in `call'
rack (2.0.3) lib/rack/method_override.rb:22:in `call'
rack (2.0.3) lib/rack/runtime.rb:22:in `call'
activesupport (5.1.2) lib/active_support/cache/strategy/local_cache_middleware.rb:27:in `call'
actionpack (5.1.2) lib/action_dispatch/middleware/executor.rb:12:in `call'
actionpack (5.1.2) lib/action_dispatch/middleware/static.rb:125:in `call'
rack (2.0.3) lib/rack/sendfile.rb:111:in `call'
railties (5.1.2) lib/rails/engine.rb:522:in `call'
puma (3.9.1) lib/puma/configuration.rb:224:in `call'
puma (3.9.1) lib/puma/server.rb:602:in `handle_request'
puma (3.9.1) lib/puma/server.rb:435:in `process_client'
puma (3.9.1) lib/puma/server.rb:299:in `block in run'
puma (3.9.1) lib/puma/thread_pool.rb:120:in `block in spawn_thread'
Started GET "/" for 127.0.0.1 at 2017-07-10 21:01:53 +0100
  
ActiveRecord::PendingMigrationError (

Migrations are pending. To resolve this issue, run:

        bin/rails db:migrate RAILS_ENV=development

):
  
activerecord (5.1.2) lib/active_record/migration.rb:576:in `check_pending!'
activerecord (5.1.2) lib/active_record/migration.rb:553:in `call'
actionpack (5.1.2) lib/action_dispatch/middleware/callbacks.rb:26:in `block in call'
activesupport (5.1.2) lib/active_support/callbacks.rb:97:in `run_callbacks'
actionpack (5.1.2) lib/action_dispatch/middleware/callbacks.rb:24:in `call'
actionpack (5.1.2) lib/action_dispatch/middleware/executor.rb:12:in `call'
actionpack (5.1.2) lib/action_dispatch/middleware/debug_exceptions.rb:59:in `call'
web-console (3.5.1) lib/web_console/middleware.rb:135:in `call_app'
web-console (3.5.1) lib/web_console/middleware.rb:28:in `block in call'
web-console (3.5.1) lib/web_console/middleware.rb:18:in `catch'
web-console (3.5.1) lib/web_console/middleware.rb:18:in `call'
actionpack (5.1.2) lib/action_dispatch/middleware/show_exceptions.rb:31:in `call'
railties (5.1.2) lib/rails/rack/logger.rb:36:in `call_app'
railties (5.1.2) lib/rails/rack/logger.rb:24:in `block in call'
activesupport (5.1.2) lib/active_support/tagged_logging.rb:69:in `block in tagged'
activesupport (5.1.2) lib/active_support/tagged_logging.rb:26:in `tagged'
activesupport (5.1.2) lib/active_support/tagged_logging.rb:69:in `tagged'
railties (5.1.2) lib/rails/rack/logger.rb:24:in `call'
sprockets-rails (3.2.0) lib/sprockets/rails/quiet_assets.rb:13:in `call'
actionpack (5.1.2) lib/action_dispatch/middleware/remote_ip.rb:79:in `call'
actionpack (5.1.2) lib/action_dispatch/middleware/request_id.rb:25:in `call'
rack (2.0.3) lib/rack/method_override.rb:22:in `call'
rack (2.0.3) lib/rack/runtime.rb:22:in `call'
activesupport (5.1.2) lib/active_support/cache/strategy/local_cache_middleware.rb:27:in `call'
actionpack (5.1.2) lib/action_dispatch/middleware/executor.rb:12:in `call'
actionpack (5.1.2) lib/action_dispatch/middleware/static.rb:125:in `call'
rack (2.0.3) lib/rack/sendfile.rb:111:in `call'
railties (5.1.2) lib/rails/engine.rb:522:in `call'
puma (3.9.1) lib/puma/configuration.rb:224:in `call'
puma (3.9.1) lib/puma/server.rb:602:in `handle_request'
puma (3.9.1) lib/puma/server.rb:435:in `process_client'
puma (3.9.1) lib/puma/server.rb:299:in `block in run'
puma (3.9.1) lib/puma/thread_pool.rb:120:in `block in spawn_thread'
  [1m[35m (0.1ms)[0m  [1m[34mSELECT sqlite_version(*)[0m
  [1m[35m (2.9ms)[0m  [1m[35mCREATE TABLE "schema_migrations" ("version" varchar NOT NULL PRIMARY KEY)[0m
  [1m[35m (0.6ms)[0m  [1m[35mCREATE TABLE "ar_internal_metadata" ("key" varchar NOT NULL PRIMARY KEY, "value" varchar, "created_at" datetime NOT NULL, "updated_at" datetime NOT NULL)[0m
  [1m[35m (0.1ms)[0m  [1m[34mSELECT "schema_migrations"."version" FROM "schema_migrations" ORDER BY "schema_migrations"."version" ASC[0m
Migrating to CreateUsers (20170710195349)
  [1m[35m (0.0ms)[0m  [1m[36mbegin transaction[0m
  [1m[35m (0.4ms)[0m  [1m[35mCREATE TABLE "users" ("id" INTEGER PRIMARY KEY AUTOINCREMENT NOT NULL, "created_at" datetime NOT NULL, "updated_at" datetime NOT NULL, "email" varchar NOT NULL, "encrypted_password" varchar(128) NOT NULL, "confirmation_token" varchar(128), "remember_token" varchar(128) NOT NULL)[0m
  [1m[35m (0.1ms)[0m  [1m[35mCREATE  INDEX "index_users_on_email" ON "users" ("email")[0m
  [1m[35m (0.1ms)[0m  [1m[34m            SELECT sql
            FROM sqlite_master
            WHERE name='index_users_on_email' AND type='index'
            UNION ALL
            SELECT sql
            FROM sqlite_temp_master
            WHERE name='index_users_on_email' AND type='index'
[0m
  [1m[35m (0.2ms)[0m  [1m[35mCREATE  INDEX "index_users_on_remember_token" ON "users" ("remember_token")[0m
  [1m[35mSQL (0.1ms)[0m  [1m[32mINSERT INTO "schema_migrations" ("version") VALUES (?)[0m  [["version", "20170710195349"]]
  [1m[35m (1.3ms)[0m  [1m[36mcommit transaction[0m
  [1m[36mActiveRecord::InternalMetadata Load (0.1ms)[0m  [1m[34mSELECT  "ar_internal_metadata".* FROM "ar_internal_metadata" WHERE "ar_internal_metadata"."key" = ? LIMIT ?[0m  [["key", "environment"], ["LIMIT", 1]]
  [1m[35m (0.0ms)[0m  [1m[36mbegin transaction[0m
  [1m[35mSQL (0.3ms)[0m  [1m[32mINSERT INTO "ar_internal_metadata" ("key", "value", "created_at", "updated_at") VALUES (?, ?, ?, ?)[0m  [["key", "environment"], ["value", "development"], ["created_at", "2017-07-10 20:02:06.393223"], ["updated_at", "2017-07-10 20:02:06.393223"]]
  [1m[35m (0.8ms)[0m  [1m[36mcommit transaction[0m
  [1m[35m (0.2ms)[0m  [1m[34mSELECT "schema_migrations"."version" FROM "schema_migrations" ORDER BY "schema_migrations"."version" ASC[0m
  [1m[35m (0.1ms)[0m  [1m[34m            SELECT sql
            FROM sqlite_master
            WHERE name='index_users_on_remember_token' AND type='index'
            UNION ALL
            SELECT sql
            FROM sqlite_temp_master
            WHERE name='index_users_on_remember_token' AND type='index'
[0m
  [1m[35m (0.2ms)[0m  [1m[34m            SELECT sql
            FROM sqlite_master
            WHERE name='index_users_on_email' AND type='index'
            UNION ALL
            SELECT sql
            FROM sqlite_temp_master
            WHERE name='index_users_on_email' AND type='index'
[0m
Started GET "/" for 127.0.0.1 at 2017-07-10 21:02:19 +0100
  [1m[35m (0.1ms)[0m  [1m[34mSELECT "schema_migrations"."version" FROM "schema_migrations" ORDER BY "schema_migrations"."version" ASC[0m
  
LoadError (Unable to autoload constant User, expected /Users/timrobinson/Desktop/Coding_Projects/Git_Projects/Makers/tech-tests/stafford-long/app/models/user.rb to define it):
  
activesupport (5.1.2) lib/active_support/dependencies.rb:511:in `load_missing_constant'
activesupport (5.1.2) lib/active_support/dependencies.rb:202:in `const_missing'
clearance (1.16.0) lib/clearance/configuration.rb:109:in `user_model'
clearance (1.16.0) lib/clearance/session.rb:134:in `user_from_remember_token'
clearance (1.16.0) lib/clearance/session.rb:32:in `current_user'
clearance (1.16.0) lib/clearance/session.rb:87:in `signed_in?'
clearance (1.16.0) lib/clearance/session.rb:94:in `signed_out?'
clearance (1.16.0) lib/clearance/constraints/signed_out.rb:16:in `matches?'
actionpack (5.1.2) lib/action_dispatch/routing/mapper.rb:38:in `block in matches?'
actionpack (5.1.2) lib/action_dispatch/routing/mapper.rb:37:in `each'
actionpack (5.1.2) lib/action_dispatch/routing/mapper.rb:37:in `all?'
actionpack (5.1.2) lib/action_dispatch/routing/mapper.rb:37:in `matches?'
actionpack (5.1.2) lib/action_dispatch/routing/mapper.rb:44:in `serve'
actionpack (5.1.2) lib/action_dispatch/journey/router.rb:46:in `block in serve'
actionpack (5.1.2) lib/action_dispatch/journey/router.rb:33:in `each'
actionpack (5.1.2) lib/action_dispatch/journey/router.rb:33:in `serve'
actionpack (5.1.2) lib/action_dispatch/routing/route_set.rb:832:in `call'
clearance (1.16.0) lib/clearance/rack_session.rb:23:in `call'
rack (2.0.3) lib/rack/etag.rb:25:in `call'
rack (2.0.3) lib/rack/conditional_get.rb:25:in `call'
rack (2.0.3) lib/rack/head.rb:12:in `call'
rack (2.0.3) lib/rack/session/abstract/id.rb:232:in `context'
rack (2.0.3) lib/rack/session/abstract/id.rb:226:in `call'
actionpack (5.1.2) lib/action_dispatch/middleware/cookies.rb:613:in `call'
activerecord (5.1.2) lib/active_record/migration.rb:556:in `call'
actionpack (5.1.2) lib/action_dispatch/middleware/callbacks.rb:26:in `block in call'
activesupport (5.1.2) lib/active_support/callbacks.rb:97:in `run_callbacks'
actionpack (5.1.2) lib/action_dispatch/middleware/callbacks.rb:24:in `call'
actionpack (5.1.2) lib/action_dispatch/middleware/executor.rb:12:in `call'
actionpack (5.1.2) lib/action_dispatch/middleware/debug_exceptions.rb:59:in `call'
web-console (3.5.1) lib/web_console/middleware.rb:135:in `call_app'
web-console (3.5.1) lib/web_console/middleware.rb:28:in `block in call'
web-console (3.5.1) lib/web_console/middleware.rb:18:in `catch'
web-console (3.5.1) lib/web_console/middleware.rb:18:in `call'
actionpack (5.1.2) lib/action_dispatch/middleware/show_exceptions.rb:31:in `call'
railties (5.1.2) lib/rails/rack/logger.rb:36:in `call_app'
railties (5.1.2) lib/rails/rack/logger.rb:24:in `block in call'
activesupport (5.1.2) lib/active_support/tagged_logging.rb:69:in `block in tagged'
activesupport (5.1.2) lib/active_support/tagged_logging.rb:26:in `tagged'
activesupport (5.1.2) lib/active_support/tagged_logging.rb:69:in `tagged'
railties (5.1.2) lib/rails/rack/logger.rb:24:in `call'
sprockets-rails (3.2.0) lib/sprockets/rails/quiet_assets.rb:13:in `call'
actionpack (5.1.2) lib/action_dispatch/middleware/remote_ip.rb:79:in `call'
actionpack (5.1.2) lib/action_dispatch/middleware/request_id.rb:25:in `call'
rack (2.0.3) lib/rack/method_override.rb:22:in `call'
rack (2.0.3) lib/rack/runtime.rb:22:in `call'
activesupport (5.1.2) lib/active_support/cache/strategy/local_cache_middleware.rb:27:in `call'
actionpack (5.1.2) lib/action_dispatch/middleware/executor.rb:12:in `call'
actionpack (5.1.2) lib/action_dispatch/middleware/static.rb:125:in `call'
rack (2.0.3) lib/rack/sendfile.rb:111:in `call'
railties (5.1.2) lib/rails/engine.rb:522:in `call'
puma (3.9.1) lib/puma/configuration.rb:224:in `call'
puma (3.9.1) lib/puma/server.rb:602:in `handle_request'
puma (3.9.1) lib/puma/server.rb:435:in `process_client'
puma (3.9.1) lib/puma/server.rb:299:in `block in run'
puma (3.9.1) lib/puma/thread_pool.rb:120:in `block in spawn_thread'
Started GET "/" for 127.0.0.1 at 2017-07-10 21:02:52 +0100
  [1m[36mUser Load (0.1ms)[0m  [1m[34mSELECT  "users".* FROM "users" WHERE "users"."remember_token" = ? ORDER BY "users"."id" ASC LIMIT ?[0m  [["remember_token", "c12ab5605b96770a3475c834b58c67689b8cc4fd"], ["LIMIT", 1]]
Processing by Clearance::UsersController#new as HTML
Completed 500 Internal Server Error in 67ms (ActiveRecord: 0.0ms)


  
NoMethodError (undefined method `signed_in?' for #<Clearance::UsersController:0x007fd1643a9c00>
Did you mean?  signed_in_root_url):
  
clearance (1.16.0) app/controllers/clearance/users_controller.rb:39:in `redirect_signed_in_users'
activesupport (5.1.2) lib/active_support/callbacks.rb:413:in `block in make_lambda'
activesupport (5.1.2) lib/active_support/callbacks.rb:178:in `block (2 levels) in halting_and_conditional'
actionpack (5.1.2) lib/abstract_controller/callbacks.rb:12:in `block (2 levels) in <module:Callbacks>'
activesupport (5.1.2) lib/active_support/callbacks.rb:179:in `block in halting_and_conditional'
activesupport (5.1.2) lib/active_support/callbacks.rb:507:in `block in invoke_before'
activesupport (5.1.2) lib/active_support/callbacks.rb:507:in `each'
activesupport (5.1.2) lib/active_support/callbacks.rb:507:in `invoke_before'
activesupport (5.1.2) lib/active_support/callbacks.rb:130:in `run_callbacks'
actionpack (5.1.2) lib/abstract_controller/callbacks.rb:19:in `process_action'
actionpack (5.1.2) lib/action_controller/metal/rescue.rb:20:in `process_action'
actionpack (5.1.2) lib/action_controller/metal/instrumentation.rb:32:in `block in process_action'
activesupport (5.1.2) lib/active_support/notifications.rb:166:in `block in instrument'
activesupport (5.1.2) lib/active_support/notifications/instrumenter.rb:21:in `instrument'
activesupport (5.1.2) lib/active_support/notifications.rb:166:in `instrument'
actionpack (5.1.2) lib/action_controller/metal/instrumentation.rb:30:in `process_action'
actionpack (5.1.2) lib/action_controller/metal/params_wrapper.rb:252:in `process_action'
activerecord (5.1.2) lib/active_record/railties/controller_runtime.rb:22:in `process_action'
actionpack (5.1.2) lib/abstract_controller/base.rb:124:in `process'
actionview (5.1.2) lib/action_view/rendering.rb:30:in `process'
actionpack (5.1.2) lib/action_controller/metal.rb:189:in `dispatch'
actionpack (5.1.2) lib/action_controller/metal.rb:253:in `dispatch'
actionpack (5.1.2) lib/action_dispatch/routing/route_set.rb:49:in `dispatch'
actionpack (5.1.2) lib/action_dispatch/routing/route_set.rb:31:in `serve'
actionpack (5.1.2) lib/action_dispatch/routing/mapper.rb:16:in `block in <class:Constraints>'
actionpack (5.1.2) lib/action_dispatch/routing/mapper.rb:46:in `serve'
actionpack (5.1.2) lib/action_dispatch/journey/router.rb:46:in `block in serve'
actionpack (5.1.2) lib/action_dispatch/journey/router.rb:33:in `each'
actionpack (5.1.2) lib/action_dispatch/journey/router.rb:33:in `serve'
actionpack (5.1.2) lib/action_dispatch/routing/route_set.rb:832:in `call'
clearance (1.16.0) lib/clearance/rack_session.rb:23:in `call'
rack (2.0.3) lib/rack/etag.rb:25:in `call'
rack (2.0.3) lib/rack/conditional_get.rb:25:in `call'
rack (2.0.3) lib/rack/head.rb:12:in `call'
rack (2.0.3) lib/rack/session/abstract/id.rb:232:in `context'
rack (2.0.3) lib/rack/session/abstract/id.rb:226:in `call'
actionpack (5.1.2) lib/action_dispatch/middleware/cookies.rb:613:in `call'
activerecord (5.1.2) lib/active_record/migration.rb:556:in `call'
actionpack (5.1.2) lib/action_dispatch/middleware/callbacks.rb:26:in `block in call'
activesupport (5.1.2) lib/active_support/callbacks.rb:97:in `run_callbacks'
actionpack (5.1.2) lib/action_dispatch/middleware/callbacks.rb:24:in `call'
actionpack (5.1.2) lib/action_dispatch/middleware/executor.rb:12:in `call'
actionpack (5.1.2) lib/action_dispatch/middleware/debug_exceptions.rb:59:in `call'
web-console (3.5.1) lib/web_console/middleware.rb:135:in `call_app'
web-console (3.5.1) lib/web_console/middleware.rb:28:in `block in call'
web-console (3.5.1) lib/web_console/middleware.rb:18:in `catch'
web-console (3.5.1) lib/web_console/middleware.rb:18:in `call'
actionpack (5.1.2) lib/action_dispatch/middleware/show_exceptions.rb:31:in `call'
railties (5.1.2) lib/rails/rack/logger.rb:36:in `call_app'
railties (5.1.2) lib/rails/rack/logger.rb:24:in `block in call'
activesupport (5.1.2) lib/active_support/tagged_logging.rb:69:in `block in tagged'
activesupport (5.1.2) lib/active_support/tagged_logging.rb:26:in `tagged'
activesupport (5.1.2) lib/active_support/tagged_logging.rb:69:in `tagged'
railties (5.1.2) lib/rails/rack/logger.rb:24:in `call'
sprockets-rails (3.2.0) lib/sprockets/rails/quiet_assets.rb:13:in `call'
actionpack (5.1.2) lib/action_dispatch/middleware/remote_ip.rb:79:in `call'
actionpack (5.1.2) lib/action_dispatch/middleware/request_id.rb:25:in `call'
rack (2.0.3) lib/rack/method_override.rb:22:in `call'
rack (2.0.3) lib/rack/runtime.rb:22:in `call'
activesupport (5.1.2) lib/active_support/cache/strategy/local_cache_middleware.rb:27:in `call'
actionpack (5.1.2) lib/action_dispatch/middleware/executor.rb:12:in `call'
actionpack (5.1.2) lib/action_dispatch/middleware/static.rb:125:in `call'
rack (2.0.3) lib/rack/sendfile.rb:111:in `call'
railties (5.1.2) lib/rails/engine.rb:522:in `call'
puma (3.9.1) lib/puma/configuration.rb:224:in `call'
puma (3.9.1) lib/puma/server.rb:602:in `handle_request'
puma (3.9.1) lib/puma/server.rb:435:in `process_client'
puma (3.9.1) lib/puma/server.rb:299:in `block in run'
puma (3.9.1) lib/puma/thread_pool.rb:120:in `block in spawn_thread'
Started GET "/" for 127.0.0.1 at 2017-07-10 21:03:47 +0100
  [1m[35m (0.1ms)[0m  [1m[34mSELECT "schema_migrations"."version" FROM "schema_migrations" ORDER BY "schema_migrations"."version" ASC[0m
  [1m[36mUser Load (0.2ms)[0m  [1m[34mSELECT  "users".* FROM "users" WHERE "users"."remember_token" = ? ORDER BY "users"."id" ASC LIMIT ?[0m  [["remember_token", "c12ab5605b96770a3475c834b58c67689b8cc4fd"], ["LIMIT", 1]]
Processing by Clearance::UsersController#new as HTML
Completed 500 Internal Server Error in 74ms (ActiveRecord: 0.0ms)


  
NoMethodError (undefined method `signed_in?' for #<Clearance::UsersController:0x007fe1d0541c30>
Did you mean?  signed_in_root_url):
  
clearance (1.16.0) app/controllers/clearance/users_controller.rb:39:in `redirect_signed_in_users'
activesupport (5.1.2) lib/active_support/callbacks.rb:413:in `block in make_lambda'
activesupport (5.1.2) lib/active_support/callbacks.rb:178:in `block (2 levels) in halting_and_conditional'
actionpack (5.1.2) lib/abstract_controller/callbacks.rb:12:in `block (2 levels) in <module:Callbacks>'
activesupport (5.1.2) lib/active_support/callbacks.rb:179:in `block in halting_and_conditional'
activesupport (5.1.2) lib/active_support/callbacks.rb:507:in `block in invoke_before'
activesupport (5.1.2) lib/active_support/callbacks.rb:507:in `each'
activesupport (5.1.2) lib/active_support/callbacks.rb:507:in `invoke_before'
activesupport (5.1.2) lib/active_support/callbacks.rb:130:in `run_callbacks'
actionpack (5.1.2) lib/abstract_controller/callbacks.rb:19:in `process_action'
actionpack (5.1.2) lib/action_controller/metal/rescue.rb:20:in `process_action'
actionpack (5.1.2) lib/action_controller/metal/instrumentation.rb:32:in `block in process_action'
activesupport (5.1.2) lib/active_support/notifications.rb:166:in `block in instrument'
activesupport (5.1.2) lib/active_support/notifications/instrumenter.rb:21:in `instrument'
activesupport (5.1.2) lib/active_support/notifications.rb:166:in `instrument'
actionpack (5.1.2) lib/action_controller/metal/instrumentation.rb:30:in `process_action'
actionpack (5.1.2) lib/action_controller/metal/params_wrapper.rb:252:in `process_action'
activerecord (5.1.2) lib/active_record/railties/controller_runtime.rb:22:in `process_action'
actionpack (5.1.2) lib/abstract_controller/base.rb:124:in `process'
actionview (5.1.2) lib/action_view/rendering.rb:30:in `process'
actionpack (5.1.2) lib/action_controller/metal.rb:189:in `dispatch'
actionpack (5.1.2) lib/action_controller/metal.rb:253:in `dispatch'
actionpack (5.1.2) lib/action_dispatch/routing/route_set.rb:49:in `dispatch'
actionpack (5.1.2) lib/action_dispatch/routing/route_set.rb:31:in `serve'
actionpack (5.1.2) lib/action_dispatch/routing/mapper.rb:16:in `block in <class:Constraints>'
actionpack (5.1.2) lib/action_dispatch/routing/mapper.rb:46:in `serve'
actionpack (5.1.2) lib/action_dispatch/journey/router.rb:46:in `block in serve'
actionpack (5.1.2) lib/action_dispatch/journey/router.rb:33:in `each'
actionpack (5.1.2) lib/action_dispatch/journey/router.rb:33:in `serve'
actionpack (5.1.2) lib/action_dispatch/routing/route_set.rb:832:in `call'
clearance (1.16.0) lib/clearance/rack_session.rb:23:in `call'
rack (2.0.3) lib/rack/etag.rb:25:in `call'
rack (2.0.3) lib/rack/conditional_get.rb:25:in `call'
rack (2.0.3) lib/rack/head.rb:12:in `call'
rack (2.0.3) lib/rack/session/abstract/id.rb:232:in `context'
rack (2.0.3) lib/rack/session/abstract/id.rb:226:in `call'
actionpack (5.1.2) lib/action_dispatch/middleware/cookies.rb:613:in `call'
activerecord (5.1.2) lib/active_record/migration.rb:556:in `call'
actionpack (5.1.2) lib/action_dispatch/middleware/callbacks.rb:26:in `block in call'
activesupport (5.1.2) lib/active_support/callbacks.rb:97:in `run_callbacks'
actionpack (5.1.2) lib/action_dispatch/middleware/callbacks.rb:24:in `call'
actionpack (5.1.2) lib/action_dispatch/middleware/executor.rb:12:in `call'
actionpack (5.1.2) lib/action_dispatch/middleware/debug_exceptions.rb:59:in `call'
web-console (3.5.1) lib/web_console/middleware.rb:135:in `call_app'
web-console (3.5.1) lib/web_console/middleware.rb:28:in `block in call'
web-console (3.5.1) lib/web_console/middleware.rb:18:in `catch'
web-console (3.5.1) lib/web_console/middleware.rb:18:in `call'
actionpack (5.1.2) lib/action_dispatch/middleware/show_exceptions.rb:31:in `call'
railties (5.1.2) lib/rails/rack/logger.rb:36:in `call_app'
railties (5.1.2) lib/rails/rack/logger.rb:24:in `block in call'
activesupport (5.1.2) lib/active_support/tagged_logging.rb:69:in `block in tagged'
activesupport (5.1.2) lib/active_support/tagged_logging.rb:26:in `tagged'
activesupport (5.1.2) lib/active_support/tagged_logging.rb:69:in `tagged'
railties (5.1.2) lib/rails/rack/logger.rb:24:in `call'
sprockets-rails (3.2.0) lib/sprockets/rails/quiet_assets.rb:13:in `call'
actionpack (5.1.2) lib/action_dispatch/middleware/remote_ip.rb:79:in `call'
actionpack (5.1.2) lib/action_dispatch/middleware/request_id.rb:25:in `call'
rack (2.0.3) lib/rack/method_override.rb:22:in `call'
rack (2.0.3) lib/rack/runtime.rb:22:in `call'
activesupport (5.1.2) lib/active_support/cache/strategy/local_cache_middleware.rb:27:in `call'
actionpack (5.1.2) lib/action_dispatch/middleware/executor.rb:12:in `call'
actionpack (5.1.2) lib/action_dispatch/middleware/static.rb:125:in `call'
rack (2.0.3) lib/rack/sendfile.rb:111:in `call'
railties (5.1.2) lib/rails/engine.rb:522:in `call'
puma (3.9.1) lib/puma/configuration.rb:224:in `call'
puma (3.9.1) lib/puma/server.rb:602:in `handle_request'
puma (3.9.1) lib/puma/server.rb:435:in `process_client'
puma (3.9.1) lib/puma/server.rb:299:in `block in run'
puma (3.9.1) lib/puma/thread_pool.rb:120:in `block in spawn_thread'
  [1m[35m (0.1ms)[0m  [1m[34m            SELECT sql
            FROM sqlite_master
            WHERE name='index_users_on_remember_token' AND type='index'
            UNION ALL
            SELECT sql
            FROM sqlite_temp_master
            WHERE name='index_users_on_remember_token' AND type='index'
[0m
  [1m[35m (0.1ms)[0m  [1m[34m            SELECT sql
            FROM sqlite_master
            WHERE name='index_users_on_email' AND type='index'
            UNION ALL
            SELECT sql
            FROM sqlite_temp_master
            WHERE name='index_users_on_email' AND type='index'
[0m
  [1m[35m (0.1ms)[0m  [1m[34m            SELECT sql
            FROM sqlite_master
            WHERE name='index_users_on_remember_token' AND type='index'
            UNION ALL
            SELECT sql
            FROM sqlite_temp_master
            WHERE name='index_users_on_remember_token' AND type='index'
[0m
  [1m[35m (0.1ms)[0m  [1m[34m            SELECT sql
            FROM sqlite_master
            WHERE name='index_users_on_email' AND type='index'
            UNION ALL
            SELECT sql
            FROM sqlite_temp_master
            WHERE name='index_users_on_email' AND type='index'
[0m
  [1m[35m (0.2ms)[0m  [1m[34mSELECT "schema_migrations"."version" FROM "schema_migrations" ORDER BY "schema_migrations"."version" ASC[0m
  [1m[35m (0.2ms)[0m  [1m[34mSELECT "ar_internal_metadata"."value" FROM "ar_internal_metadata" WHERE "ar_internal_metadata"."key" = ?[0m  [["key", "environment"]]
  [1m[35m (0.1ms)[0m  [1m[34mSELECT "schema_migrations"."version" FROM "schema_migrations" ORDER BY "schema_migrations"."version" ASC[0m
  [1m[35m (0.1ms)[0m  [1m[34mSELECT "ar_internal_metadata"."value" FROM "ar_internal_metadata" WHERE "ar_internal_metadata"."key" = ?[0m  [["key", "environment"]]
  [1m[35m (0.1ms)[0m  [1m[34mSELECT "schema_migrations"."version" FROM "schema_migrations" ORDER BY "schema_migrations"."version" ASC[0m
  [1m[35m (0.1ms)[0m  [1m[34mSELECT "ar_internal_metadata"."value" FROM "ar_internal_metadata" WHERE "ar_internal_metadata"."key" = ?[0m  [["key", "environment"]]
  [1m[35m (0.1ms)[0m  [1m[34mSELECT sqlite_version(*)[0m
  [1m[35m (1.8ms)[0m  [1m[35mCREATE TABLE "schema_migrations" ("version" varchar NOT NULL PRIMARY KEY)[0m
  [1m[35m (1.2ms)[0m  [1m[35mCREATE TABLE "ar_internal_metadata" ("key" varchar NOT NULL PRIMARY KEY, "value" varchar, "created_at" datetime NOT NULL, "updated_at" datetime NOT NULL)[0m
  [1m[35m (0.1ms)[0m  [1m[34mSELECT "schema_migrations"."version" FROM "schema_migrations" ORDER BY "schema_migrations"."version" ASC[0m
Migrating to CreateUsers (20170710195349)
  [1m[35m (0.0ms)[0m  [1m[36mbegin transaction[0m
  [1m[35m (0.5ms)[0m  [1m[35mCREATE TABLE "users" ("id" INTEGER PRIMARY KEY AUTOINCREMENT NOT NULL, "created_at" datetime NOT NULL, "updated_at" datetime NOT NULL, "email" varchar NOT NULL, "encrypted_password" varchar(128) NOT NULL, "confirmation_token" varchar(128), "remember_token" varchar(128) NOT NULL)[0m
  [1m[35m (0.1ms)[0m  [1m[35mCREATE  INDEX "index_users_on_email" ON "users" ("email")[0m
  [1m[35m (0.1ms)[0m  [1m[34m            SELECT sql
            FROM sqlite_master
            WHERE name='index_users_on_email' AND type='index'
            UNION ALL
            SELECT sql
            FROM sqlite_temp_master
            WHERE name='index_users_on_email' AND type='index'
[0m
  [1m[35m (0.1ms)[0m  [1m[35mCREATE  INDEX "index_users_on_remember_token" ON "users" ("remember_token")[0m
  [1m[35mSQL (0.1ms)[0m  [1m[32mINSERT INTO "schema_migrations" ("version") VALUES (?)[0m  [["version", "20170710195349"]]
  [1m[35m (0.6ms)[0m  [1m[36mcommit transaction[0m
  [1m[36mActiveRecord::InternalMetadata Load (0.1ms)[0m  [1m[34mSELECT  "ar_internal_metadata".* FROM "ar_internal_metadata" WHERE "ar_internal_metadata"."key" = ? LIMIT ?[0m  [["key", "environment"], ["LIMIT", 1]]
  [1m[35m (0.0ms)[0m  [1m[36mbegin transaction[0m
  [1m[35mSQL (0.2ms)[0m  [1m[32mINSERT INTO "ar_internal_metadata" ("key", "value", "created_at", "updated_at") VALUES (?, ?, ?, ?)[0m  [["key", "environment"], ["value", "development"], ["created_at", "2017-07-10 20:07:13.328241"], ["updated_at", "2017-07-10 20:07:13.328241"]]
  [1m[35m (0.4ms)[0m  [1m[36mcommit transaction[0m
  [1m[35m (0.1ms)[0m  [1m[34mSELECT "schema_migrations"."version" FROM "schema_migrations" ORDER BY "schema_migrations"."version" ASC[0m
  [1m[35m (0.1ms)[0m  [1m[34m            SELECT sql
            FROM sqlite_master
            WHERE name='index_users_on_remember_token' AND type='index'
            UNION ALL
            SELECT sql
            FROM sqlite_temp_master
            WHERE name='index_users_on_remember_token' AND type='index'
[0m
  [1m[35m (0.1ms)[0m  [1m[34m            SELECT sql
            FROM sqlite_master
            WHERE name='index_users_on_email' AND type='index'
            UNION ALL
            SELECT sql
            FROM sqlite_temp_master
            WHERE name='index_users_on_email' AND type='index'
[0m
Started GET "/" for 127.0.0.1 at 2017-07-10 21:07:25 +0100
  [1m[35m (0.2ms)[0m  [1m[34mSELECT "schema_migrations"."version" FROM "schema_migrations" ORDER BY "schema_migrations"."version" ASC[0m
  [1m[36mUser Load (0.1ms)[0m  [1m[34mSELECT  "users".* FROM "users" WHERE "users"."remember_token" = ? ORDER BY "users"."id" ASC LIMIT ?[0m  [["remember_token", "c12ab5605b96770a3475c834b58c67689b8cc4fd"], ["LIMIT", 1]]
Processing by Clearance::UsersController#new as HTML
  [1m[36mUser Load (0.1ms)[0m  [1m[34mSELECT  "users".* FROM "users" WHERE "users"."remember_token" = ? ORDER BY "users"."id" ASC LIMIT ?[0m  [["remember_token", "c12ab5605b96770a3475c834b58c67689b8cc4fd"], ["LIMIT", 1]]
  Rendering /Users/timrobinson/.rvm/gems/ruby-2.4.1/gems/clearance-1.16.0/app/views/users/new.html.erb within layouts/application
  Rendered /Users/timrobinson/.rvm/gems/ruby-2.4.1/gems/clearance-1.16.0/app/views/users/_form.html.erb (7.1ms)
  Rendered /Users/timrobinson/.rvm/gems/ruby-2.4.1/gems/clearance-1.16.0/app/views/users/new.html.erb within layouts/application (16.3ms)
  [1m[36mUser Load (0.2ms)[0m  [1m[34mSELECT  "users".* FROM "users" WHERE "users"."remember_token" = ? ORDER BY "users"."id" ASC LIMIT ?[0m  [["remember_token", "c12ab5605b96770a3475c834b58c67689b8cc4fd"], ["LIMIT", 1]]
Completed 200 OK in 534ms (Views: 519.9ms | ActiveRecord: 0.3ms)


Started GET "/" for 127.0.0.1 at 2017-07-10 21:07:30 +0100
  [1m[36mUser Load (0.2ms)[0m  [1m[34mSELECT  "users".* FROM "users" WHERE "users"."remember_token" = ? ORDER BY "users"."id" ASC LIMIT ?[0m  [["remember_token", "c12ab5605b96770a3475c834b58c67689b8cc4fd"], ["LIMIT", 1]]
Processing by Clearance::UsersController#new as HTML
  [1m[36mCACHE User Load (0.0ms)[0m  [1m[34mSELECT  "users".* FROM "users" WHERE "users"."remember_token" = ? ORDER BY "users"."id" ASC LIMIT ?[0m  [["remember_token", "c12ab5605b96770a3475c834b58c67689b8cc4fd"], ["LIMIT", 1]]
  Rendering /Users/timrobinson/.rvm/gems/ruby-2.4.1/gems/clearance-1.16.0/app/views/users/new.html.erb within layouts/application
  Rendered /Users/timrobinson/.rvm/gems/ruby-2.4.1/gems/clearance-1.16.0/app/views/users/_form.html.erb (0.9ms)
  Rendered /Users/timrobinson/.rvm/gems/ruby-2.4.1/gems/clearance-1.16.0/app/views/users/new.html.erb within layouts/application (4.5ms)
  [1m[36mCACHE User Load (0.0ms)[0m  [1m[34mSELECT  "users".* FROM "users" WHERE "users"."remember_token" = ? ORDER BY "users"."id" ASC LIMIT ?[0m  [["remember_token", "c12ab5605b96770a3475c834b58c67689b8cc4fd"], ["LIMIT", 1]]
Completed 200 OK in 23ms (Views: 22.0ms | ActiveRecord: 0.0ms)


Started GET "/sign_in" for 127.0.0.1 at 2017-07-10 21:07:40 +0100
Processing by Clearance::SessionsController#new as HTML
  [1m[36mUser Load (0.2ms)[0m  [1m[34mSELECT  "users".* FROM "users" WHERE "users"."remember_token" = ? ORDER BY "users"."id" ASC LIMIT ?[0m  [["remember_token", "c12ab5605b96770a3475c834b58c67689b8cc4fd"], ["LIMIT", 1]]
  Rendering /Users/timrobinson/.rvm/gems/ruby-2.4.1/gems/clearance-1.16.0/app/views/sessions/new.html.erb within layouts/application
  Rendered /Users/timrobinson/.rvm/gems/ruby-2.4.1/gems/clearance-1.16.0/app/views/sessions/_form.html.erb (2.1ms)
  Rendered /Users/timrobinson/.rvm/gems/ruby-2.4.1/gems/clearance-1.16.0/app/views/sessions/new.html.erb within layouts/application (6.5ms)
  [1m[36mCACHE User Load (0.0ms)[0m  [1m[34mSELECT  "users".* FROM "users" WHERE "users"."remember_token" = ? ORDER BY "users"."id" ASC LIMIT ?[0m  [["remember_token", "c12ab5605b96770a3475c834b58c67689b8cc4fd"], ["LIMIT", 1]]
Completed 200 OK in 31ms (Views: 29.3ms | ActiveRecord: 0.2ms)


Started POST "/users" for 127.0.0.1 at 2017-07-10 21:07:53 +0100
  [1m[36mUser Load (0.2ms)[0m  [1m[34mSELECT  "users".* FROM "users" WHERE "users"."remember_token" = ? ORDER BY "users"."id" ASC LIMIT ?[0m  [["remember_token", "c12ab5605b96770a3475c834b58c67689b8cc4fd"], ["LIMIT", 1]]
Processing by Clearance::UsersController#create as HTML
  Parameters: {"utf8"=>"✓", "authenticity_token"=>"[FILTERED]", "user"=>{"email"=>"steve@email.com", "password"=>"[FILTERED]"}, "commit"=>"Sign up"}
  [1m[36mCACHE User Load (0.0ms)[0m  [1m[34mSELECT  "users".* FROM "users" WHERE "users"."remember_token" = ? ORDER BY "users"."id" ASC LIMIT ?[0m  [["remember_token", "c12ab5605b96770a3475c834b58c67689b8cc4fd"], ["LIMIT", 1]]
  [1m[35m (0.1ms)[0m  [1m[36mbegin transaction[0m
  [1m[36mUser Exists (0.2ms)[0m  [1m[34mSELECT  1 AS one FROM "users" WHERE "users"."email" = ? LIMIT ?[0m  [["email", "steve@email.com"], ["LIMIT", 1]]
  [1m[35m (0.0ms)[0m  [1m[31mrollback transaction[0m
Completed 500 Internal Server Error in 87ms (ActiveRecord: 0.3ms)


  
NoMethodError (undefined method `name' for #<User:0x007f8a2b50e7d8>):
  
activemodel (5.1.2) lib/active_model/attribute_methods.rb:432:in `method_missing'
activemodel (5.1.2) lib/active_model/validator.rb:148:in `block in validate'
activemodel (5.1.2) lib/active_model/validator.rb:147:in `each'
activemodel (5.1.2) lib/active_model/validator.rb:147:in `validate'
activesupport (5.1.2) lib/active_support/callbacks.rb:413:in `block in make_lambda'
activesupport (5.1.2) lib/active_support/callbacks.rb:197:in `block (2 levels) in halting'
activesupport (5.1.2) lib/active_support/callbacks.rb:601:in `block (2 levels) in default_terminator'
activesupport (5.1.2) lib/active_support/callbacks.rb:600:in `catch'
activesupport (5.1.2) lib/active_support/callbacks.rb:600:in `block in default_terminator'
activesupport (5.1.2) lib/active_support/callbacks.rb:198:in `block in halting'
activesupport (5.1.2) lib/active_support/callbacks.rb:507:in `block in invoke_before'
activesupport (5.1.2) lib/active_support/callbacks.rb:507:in `each'
activesupport (5.1.2) lib/active_support/callbacks.rb:507:in `invoke_before'
activesupport (5.1.2) lib/active_support/callbacks.rb:130:in `run_callbacks'
activesupport (5.1.2) lib/active_support/callbacks.rb:825:in `_run_validate_callbacks'
activemodel (5.1.2) lib/active_model/validations.rb:405:in `run_validations!'
activemodel (5.1.2) lib/active_model/validations/callbacks.rb:110:in `block in run_validations!'
activesupport (5.1.2) lib/active_support/callbacks.rb:131:in `run_callbacks'
activesupport (5.1.2) lib/active_support/callbacks.rb:825:in `_run_validation_callbacks'
activemodel (5.1.2) lib/active_model/validations/callbacks.rb:110:in `run_validations!'
activemodel (5.1.2) lib/active_model/validations.rb:335:in `valid?'
activerecord (5.1.2) lib/active_record/validations.rb:65:in `valid?'
activerecord (5.1.2) lib/active_record/validations.rb:82:in `perform_validations'
activerecord (5.1.2) lib/active_record/validations.rb:44:in `save'
activerecord (5.1.2) lib/active_record/attribute_methods/dirty.rb:35:in `save'
activerecord (5.1.2) lib/active_record/transactions.rb:308:in `block (2 levels) in save'
activerecord (5.1.2) lib/active_record/transactions.rb:384:in `block in with_transaction_returning_status'
activerecord (5.1.2) lib/active_record/connection_adapters/abstract/database_statements.rb:225:in `block in transaction'
activerecord (5.1.2) lib/active_record/connection_adapters/abstract/transaction.rb:194:in `block in within_new_transaction'
/Users/timrobinson/.rvm/rubies/ruby-2.4.1/lib/ruby/2.4.0/monitor.rb:214:in `mon_synchronize'
activerecord (5.1.2) lib/active_record/connection_adapters/abstract/transaction.rb:191:in `within_new_transaction'
activerecord (5.1.2) lib/active_record/connection_adapters/abstract/database_statements.rb:225:in `transaction'
activerecord (5.1.2) lib/active_record/transactions.rb:210:in `transaction'
activerecord (5.1.2) lib/active_record/transactions.rb:381:in `with_transaction_returning_status'
activerecord (5.1.2) lib/active_record/transactions.rb:308:in `block in save'
activerecord (5.1.2) lib/active_record/transactions.rb:323:in `rollback_active_record_state!'
activerecord (5.1.2) lib/active_record/transactions.rb:307:in `save'
activerecord (5.1.2) lib/active_record/suppressor.rb:42:in `save'
clearance (1.16.0) app/controllers/clearance/users_controller.rb:20:in `create'
actionpack (5.1.2) lib/action_controller/metal/basic_implicit_render.rb:4:in `send_action'
actionpack (5.1.2) lib/abstract_controller/base.rb:186:in `process_action'
actionpack (5.1.2) lib/action_controller/metal/rendering.rb:30:in `process_action'
actionpack (5.1.2) lib/abstract_controller/callbacks.rb:20:in `block in process_action'
activesupport (5.1.2) lib/active_support/callbacks.rb:131:in `run_callbacks'
actionpack (5.1.2) lib/abstract_controller/callbacks.rb:19:in `process_action'
actionpack (5.1.2) lib/action_controller/metal/rescue.rb:20:in `process_action'
actionpack (5.1.2) lib/action_controller/metal/instrumentation.rb:32:in `block in process_action'
activesupport (5.1.2) lib/active_support/notifications.rb:166:in `block in instrument'
activesupport (5.1.2) lib/active_support/notifications/instrumenter.rb:21:in `instrument'
activesupport (5.1.2) lib/active_support/notifications.rb:166:in `instrument'
actionpack (5.1.2) lib/action_controller/metal/instrumentation.rb:30:in `process_action'
actionpack (5.1.2) lib/action_controller/metal/params_wrapper.rb:252:in `process_action'
activerecord (5.1.2) lib/active_record/railties/controller_runtime.rb:22:in `process_action'
actionpack (5.1.2) lib/abstract_controller/base.rb:124:in `process'
actionview (5.1.2) lib/action_view/rendering.rb:30:in `process'
actionpack (5.1.2) lib/action_controller/metal.rb:189:in `dispatch'
actionpack (5.1.2) lib/action_controller/metal.rb:253:in `dispatch'
actionpack (5.1.2) lib/action_dispatch/routing/route_set.rb:49:in `dispatch'
actionpack (5.1.2) lib/action_dispatch/routing/route_set.rb:31:in `serve'
actionpack (5.1.2) lib/action_dispatch/journey/router.rb:46:in `block in serve'
actionpack (5.1.2) lib/action_dispatch/journey/router.rb:33:in `each'
actionpack (5.1.2) lib/action_dispatch/journey/router.rb:33:in `serve'
actionpack (5.1.2) lib/action_dispatch/routing/route_set.rb:832:in `call'
clearance (1.16.0) lib/clearance/rack_session.rb:23:in `call'
rack (2.0.3) lib/rack/etag.rb:25:in `call'
rack (2.0.3) lib/rack/conditional_get.rb:38:in `call'
rack (2.0.3) lib/rack/head.rb:12:in `call'
rack (2.0.3) lib/rack/session/abstract/id.rb:232:in `context'
rack (2.0.3) lib/rack/session/abstract/id.rb:226:in `call'
actionpack (5.1.2) lib/action_dispatch/middleware/cookies.rb:613:in `call'
activerecord (5.1.2) lib/active_record/migration.rb:556:in `call'
actionpack (5.1.2) lib/action_dispatch/middleware/callbacks.rb:26:in `block in call'
activesupport (5.1.2) lib/active_support/callbacks.rb:97:in `run_callbacks'
actionpack (5.1.2) lib/action_dispatch/middleware/callbacks.rb:24:in `call'
actionpack (5.1.2) lib/action_dispatch/middleware/executor.rb:12:in `call'
actionpack (5.1.2) lib/action_dispatch/middleware/debug_exceptions.rb:59:in `call'
web-console (3.5.1) lib/web_console/middleware.rb:135:in `call_app'
web-console (3.5.1) lib/web_console/middleware.rb:28:in `block in call'
web-console (3.5.1) lib/web_console/middleware.rb:18:in `catch'
web-console (3.5.1) lib/web_console/middleware.rb:18:in `call'
actionpack (5.1.2) lib/action_dispatch/middleware/show_exceptions.rb:31:in `call'
railties (5.1.2) lib/rails/rack/logger.rb:36:in `call_app'
railties (5.1.2) lib/rails/rack/logger.rb:24:in `block in call'
activesupport (5.1.2) lib/active_support/tagged_logging.rb:69:in `block in tagged'
activesupport (5.1.2) lib/active_support/tagged_logging.rb:26:in `tagged'
activesupport (5.1.2) lib/active_support/tagged_logging.rb:69:in `tagged'
railties (5.1.2) lib/rails/rack/logger.rb:24:in `call'
sprockets-rails (3.2.0) lib/sprockets/rails/quiet_assets.rb:13:in `call'
actionpack (5.1.2) lib/action_dispatch/middleware/remote_ip.rb:79:in `call'
actionpack (5.1.2) lib/action_dispatch/middleware/request_id.rb:25:in `call'
rack (2.0.3) lib/rack/method_override.rb:22:in `call'
rack (2.0.3) lib/rack/runtime.rb:22:in `call'
activesupport (5.1.2) lib/active_support/cache/strategy/local_cache_middleware.rb:27:in `call'
actionpack (5.1.2) lib/action_dispatch/middleware/executor.rb:12:in `call'
actionpack (5.1.2) lib/action_dispatch/middleware/static.rb:125:in `call'
rack (2.0.3) lib/rack/sendfile.rb:111:in `call'
railties (5.1.2) lib/rails/engine.rb:522:in `call'
puma (3.9.1) lib/puma/configuration.rb:224:in `call'
puma (3.9.1) lib/puma/server.rb:602:in `handle_request'
puma (3.9.1) lib/puma/server.rb:435:in `process_client'
puma (3.9.1) lib/puma/server.rb:299:in `block in run'
puma (3.9.1) lib/puma/thread_pool.rb:120:in `block in spawn_thread'
Started GET "/" for 127.0.0.1 at 2017-07-10 21:08:10 +0100
  [1m[36mUser Load (0.2ms)[0m  [1m[34mSELECT  "users".* FROM "users" WHERE "users"."remember_token" = ? ORDER BY "users"."id" ASC LIMIT ?[0m  [["remember_token", "c12ab5605b96770a3475c834b58c67689b8cc4fd"], ["LIMIT", 1]]
Processing by Clearance::UsersController#new as HTML
  [1m[36mCACHE User Load (0.0ms)[0m  [1m[34mSELECT  "users".* FROM "users" WHERE "users"."remember_token" = ? ORDER BY "users"."id" ASC LIMIT ?[0m  [["remember_token", "c12ab5605b96770a3475c834b58c67689b8cc4fd"], ["LIMIT", 1]]
  Rendering /Users/timrobinson/.rvm/gems/ruby-2.4.1/gems/clearance-1.16.0/app/views/users/new.html.erb within layouts/application
  Rendered /Users/timrobinson/.rvm/gems/ruby-2.4.1/gems/clearance-1.16.0/app/views/users/_form.html.erb (0.9ms)
  Rendered /Users/timrobinson/.rvm/gems/ruby-2.4.1/gems/clearance-1.16.0/app/views/users/new.html.erb within layouts/application (4.4ms)
  [1m[36mCACHE User Load (0.0ms)[0m  [1m[34mSELECT  "users".* FROM "users" WHERE "users"."remember_token" = ? ORDER BY "users"."id" ASC LIMIT ?[0m  [["remember_token", "c12ab5605b96770a3475c834b58c67689b8cc4fd"], ["LIMIT", 1]]
Completed 200 OK in 26ms (Views: 24.7ms | ActiveRecord: 0.0ms)


  [1m[35m (0.1ms)[0m  [1m[34mSELECT "schema_migrations"."version" FROM "schema_migrations" ORDER BY "schema_migrations"."version" ASC[0m
  [1m[35m (0.1ms)[0m  [1m[34mSELECT "ar_internal_metadata"."value" FROM "ar_internal_metadata" WHERE "ar_internal_metadata"."key" = ?[0m  [["key", "environment"]]
  [1m[35m (0.0ms)[0m  [1m[34mSELECT "schema_migrations"."version" FROM "schema_migrations" ORDER BY "schema_migrations"."version" ASC[0m
  [1m[35m (0.2ms)[0m  [1m[34mSELECT "ar_internal_metadata"."value" FROM "ar_internal_metadata" WHERE "ar_internal_metadata"."key" = ?[0m  [["key", "environment"]]
  [1m[35m (0.1ms)[0m  [1m[34mSELECT "schema_migrations"."version" FROM "schema_migrations" ORDER BY "schema_migrations"."version" ASC[0m
  [1m[35m (0.1ms)[0m  [1m[34mSELECT "ar_internal_metadata"."value" FROM "ar_internal_metadata" WHERE "ar_internal_metadata"."key" = ?[0m  [["key", "environment"]]
  [1m[35m (0.1ms)[0m  [1m[34mSELECT sqlite_version(*)[0m
  [1m[35m (2.1ms)[0m  [1m[35mCREATE TABLE "schema_migrations" ("version" varchar NOT NULL PRIMARY KEY)[0m
  [1m[35m (1.3ms)[0m  [1m[35mCREATE TABLE "ar_internal_metadata" ("key" varchar NOT NULL PRIMARY KEY, "value" varchar, "created_at" datetime NOT NULL, "updated_at" datetime NOT NULL)[0m
  [1m[35m (0.1ms)[0m  [1m[34mSELECT "schema_migrations"."version" FROM "schema_migrations" ORDER BY "schema_migrations"."version" ASC[0m
Migrating to CreateUsers (20170710195349)
  [1m[35m (0.0ms)[0m  [1m[36mbegin transaction[0m
  [1m[35m (0.4ms)[0m  [1m[35mCREATE TABLE "users" ("id" INTEGER PRIMARY KEY AUTOINCREMENT NOT NULL, "created_at" datetime NOT NULL, "updated_at" datetime NOT NULL, "name" varchar NOT NULL, "email" varchar NOT NULL, "encrypted_password" varchar(128) NOT NULL, "confirmation_token" varchar(128), "remember_token" varchar(128) NOT NULL)[0m
  [1m[35m (0.1ms)[0m  [1m[35mCREATE  INDEX "index_users_on_email" ON "users" ("email")[0m
  [1m[35m (0.0ms)[0m  [1m[34m            SELECT sql
            FROM sqlite_master
            WHERE name='index_users_on_email' AND type='index'
            UNION ALL
            SELECT sql
            FROM sqlite_temp_master
            WHERE name='index_users_on_email' AND type='index'
[0m
  [1m[35m (0.1ms)[0m  [1m[35mCREATE  INDEX "index_users_on_remember_token" ON "users" ("remember_token")[0m
  [1m[35mSQL (0.1ms)[0m  [1m[32mINSERT INTO "schema_migrations" ("version") VALUES (?)[0m  [["version", "20170710195349"]]
  [1m[35m (0.7ms)[0m  [1m[36mcommit transaction[0m
  [1m[36mActiveRecord::InternalMetadata Load (0.1ms)[0m  [1m[34mSELECT  "ar_internal_metadata".* FROM "ar_internal_metadata" WHERE "ar_internal_metadata"."key" = ? LIMIT ?[0m  [["key", "environment"], ["LIMIT", 1]]
  [1m[35m (0.0ms)[0m  [1m[36mbegin transaction[0m
  [1m[35mSQL (0.3ms)[0m  [1m[32mINSERT INTO "ar_internal_metadata" ("key", "value", "created_at", "updated_at") VALUES (?, ?, ?, ?)[0m  [["key", "environment"], ["value", "development"], ["created_at", "2017-07-10 20:13:45.385843"], ["updated_at", "2017-07-10 20:13:45.385843"]]
  [1m[35m (0.9ms)[0m  [1m[36mcommit transaction[0m
  [1m[35m (0.1ms)[0m  [1m[34mSELECT "schema_migrations"."version" FROM "schema_migrations" ORDER BY "schema_migrations"."version" ASC[0m
  [1m[35m (0.1ms)[0m  [1m[34m            SELECT sql
            FROM sqlite_master
            WHERE name='index_users_on_remember_token' AND type='index'
            UNION ALL
            SELECT sql
            FROM sqlite_temp_master
            WHERE name='index_users_on_remember_token' AND type='index'
[0m
  [1m[35m (0.1ms)[0m  [1m[34m            SELECT sql
            FROM sqlite_master
            WHERE name='index_users_on_email' AND type='index'
            UNION ALL
            SELECT sql
            FROM sqlite_temp_master
            WHERE name='index_users_on_email' AND type='index'
[0m
Started GET "/" for 127.0.0.1 at 2017-07-10 21:18:56 +0100
  [1m[35m (0.2ms)[0m  [1m[34mSELECT "schema_migrations"."version" FROM "schema_migrations" ORDER BY "schema_migrations"."version" ASC[0m
  [1m[36mUser Load (0.1ms)[0m  [1m[34mSELECT  "users".* FROM "users" WHERE "users"."remember_token" = ? ORDER BY "users"."id" ASC LIMIT ?[0m  [["remember_token", "c12ab5605b96770a3475c834b58c67689b8cc4fd"], ["LIMIT", 1]]
Processing by Clearance::UsersController#new as HTML
  [1m[36mUser Load (0.1ms)[0m  [1m[34mSELECT  "users".* FROM "users" WHERE "users"."remember_token" = ? ORDER BY "users"."id" ASC LIMIT ?[0m  [["remember_token", "c12ab5605b96770a3475c834b58c67689b8cc4fd"], ["LIMIT", 1]]
  Rendering /Users/timrobinson/.rvm/gems/ruby-2.4.1/gems/clearance-1.16.0/app/views/users/new.html.erb within layouts/application
  Rendered /Users/timrobinson/.rvm/gems/ruby-2.4.1/gems/clearance-1.16.0/app/views/users/_form.html.erb (5.3ms)
  Rendered /Users/timrobinson/.rvm/gems/ruby-2.4.1/gems/clearance-1.16.0/app/views/users/new.html.erb within layouts/application (15.6ms)
  [1m[36mUser Load (0.1ms)[0m  [1m[34mSELECT  "users".* FROM "users" WHERE "users"."remember_token" = ? ORDER BY "users"."id" ASC LIMIT ?[0m  [["remember_token", "c12ab5605b96770a3475c834b58c67689b8cc4fd"], ["LIMIT", 1]]
Completed 200 OK in 212ms (Views: 197.3ms | ActiveRecord: 0.2ms)


Started GET "/sign_up" for 127.0.0.1 at 2017-07-10 21:19:02 +0100
Processing by Clearance::UsersController#new as HTML
  [1m[36mUser Load (0.2ms)[0m  [1m[34mSELECT  "users".* FROM "users" WHERE "users"."remember_token" = ? ORDER BY "users"."id" ASC LIMIT ?[0m  [["remember_token", "c12ab5605b96770a3475c834b58c67689b8cc4fd"], ["LIMIT", 1]]
  Rendering /Users/timrobinson/.rvm/gems/ruby-2.4.1/gems/clearance-1.16.0/app/views/users/new.html.erb within layouts/application
  Rendered /Users/timrobinson/.rvm/gems/ruby-2.4.1/gems/clearance-1.16.0/app/views/users/_form.html.erb (1.0ms)
  Rendered /Users/timrobinson/.rvm/gems/ruby-2.4.1/gems/clearance-1.16.0/app/views/users/new.html.erb within layouts/application (5.1ms)
  [1m[36mCACHE User Load (0.0ms)[0m  [1m[34mSELECT  "users".* FROM "users" WHERE "users"."remember_token" = ? ORDER BY "users"."id" ASC LIMIT ?[0m  [["remember_token", "c12ab5605b96770a3475c834b58c67689b8cc4fd"], ["LIMIT", 1]]
Completed 200 OK in 26ms (Views: 24.6ms | ActiveRecord: 0.2ms)


